#include <bits/stdc++.h>

using namespace std;

using ll = long long;
using ld = long double;

template <typename T> void print(T val) { cout << val << '\n'; }

template <typename Iterator> void print(Iterator begin, Iterator end) {
  for (auto it = begin; it != end; ++it) {
    cout << *it << ' ';
  }

  cout << '\n';
}

void solve() {
  vector<int> digits{7, 2, 5, 5, 4, 5, 6, 3, 7, 6};

  int n;
  cin >> n;

  if(n % 2 == 1){
    n -= 3;
    cout << 7;

  }


  for(auto i = 0;i < n/2;++i){
    cout << 1;
  }

  cout << "\n";
}

int main() {
  ios_base::sync_with_stdio(false);
  cin.tie(nullptr);

#ifdef LOCAL
  freopen("input.txt", "r", stdin);
  freopen("output.txt", "w", stdout);
#endif

  int cases;
  cin >> cases;

  while (cases--) {
    solve();
  }

  return 0;
}
